<?xml version="1.0" encoding="UTF-8"?>
<testsuite xmlns:xsi="http://www.w3.org/2001/XMLSchema-instance" xsi:noNamespaceSchemaLocation="https://maven.apache.org/surefire/maven-surefire-plugin/xsd/surefire-test-report-3.0.xsd" version="3.0" name="com.oa4.Oa3ApplicationTests" time="4.955" tests="1" errors="0" skipped="0" failures="0">
  <properties>
[...]
</properties>
  <testcase name="contextLoads" classname="com.oa4.Oa3ApplicationTests" time="0.433">
    <system-out><![CDATA[14:49:37.281 [main] DEBUG org.springframework.test.context.BootstrapUtils - Instantiating CacheAwareContextLoaderDelegate from class [org.springframework.test.context.cache.DefaultCacheAwareContextLoaderDelegate]
14:49:37.296 [main] DEBUG org.springframework.test.context.BootstrapUtils - Instantiating BootstrapContext using constructor [public org.springframework.test.context.support.DefaultBootstrapContext(java.lang.Class,org.springframework.test.context.CacheAwareContextLoaderDelegate)]
14:49:37.330 [main] DEBUG org.springframework.test.context.BootstrapUtils - Instantiating TestContextBootstrapper for test class [com.oa4.Oa3ApplicationTests] from class [org.springframework.boot.test.context.SpringBootTestContextBootstrapper]
14:49:37.349 [main] INFO org.springframework.boot.test.context.SpringBootTestContextBootstrapper - Neither @ContextConfiguration nor @ContextHierarchy found for test class [com.oa4.Oa3ApplicationTests], using SpringBootContextLoader
14:49:37.353 [main] DEBUG org.springframework.test.context.support.AbstractContextLoader - Did not detect default resource location for test class [com.oa4.Oa3ApplicationTests]: class path resource [com/oa4/Oa3ApplicationTests-context.xml] does not exist
14:49:37.353 [main] DEBUG org.springframework.test.context.support.AbstractContextLoader - Did not detect default resource location for test class [com.oa4.Oa3ApplicationTests]: class path resource [com/oa4/Oa3ApplicationTestsContext.groovy] does not exist
14:49:37.353 [main] INFO org.springframework.test.context.support.AbstractContextLoader - Could not detect default resource locations for test class [com.oa4.Oa3ApplicationTests]: no resource found for suffixes {-context.xml, Context.groovy}.
14:49:37.354 [main] INFO org.springframework.test.context.support.AnnotationConfigContextLoaderUtils - Could not detect default configuration classes for test class [com.oa4.Oa3ApplicationTests]: Oa3ApplicationTests does not declare any static, non-private, non-final, nested classes annotated with @Configuration.
14:49:37.407 [main] DEBUG org.springframework.test.context.support.ActiveProfilesUtils - Could not find an 'annotation declaring class' for annotation type [org.springframework.test.context.ActiveProfiles] and class [com.oa4.Oa3ApplicationTests]
14:49:37.499 [main] DEBUG org.springframework.context.annotation.ClassPathScanningCandidateComponentProvider - Identified candidate component class: file [D:\WUT2025Practicum\7-9-2\OA-4\target\classes\com\oa4\Oa3Application.class]
14:49:37.500 [main] INFO org.springframework.boot.test.context.SpringBootTestContextBootstrapper - Found @SpringBootConfiguration com.oa4.Oa3Application for test class com.oa4.Oa3ApplicationTests
14:49:37.603 [main] DEBUG org.springframework.boot.test.context.SpringBootTestContextBootstrapper - @TestExecutionListeners is not present for class [com.oa4.Oa3ApplicationTests]: using defaults.
14:49:37.604 [main] INFO org.springframework.boot.test.context.SpringBootTestContextBootstrapper - Loaded default TestExecutionListener class names from location [META-INF/spring.factories]: [org.springframework.boot.test.mock.mockito.MockitoTestExecutionListener, org.springframework.boot.test.mock.mockito.ResetMocksTestExecutionListener, org.springframework.boot.test.autoconfigure.restdocs.RestDocsTestExecutionListener, org.springframework.boot.test.autoconfigure.web.client.MockRestServiceServerResetTestExecutionListener, org.springframework.boot.test.autoconfigure.web.servlet.MockMvcPrintOnlyOnFailureTestExecutionListener, org.springframework.boot.test.autoconfigure.web.servlet.WebDriverTestExecutionListener, org.springframework.boot.test.autoconfigure.webservices.client.MockWebServiceServerTestExecutionListener, org.springframework.test.context.web.ServletTestExecutionListener, org.springframework.test.context.support.DirtiesContextBeforeModesTestExecutionListener, org.springframework.test.context.support.DependencyInjectionTestExecutionListener, org.springframework.test.context.support.DirtiesContextTestExecutionListener, org.springframework.test.context.transaction.TransactionalTestExecutionListener, org.springframework.test.context.jdbc.SqlScriptsTestExecutionListener, org.springframework.test.context.event.EventPublishingTestExecutionListener]
14:49:37.618 [main] INFO org.springframework.boot.test.context.SpringBootTestContextBootstrapper - Using TestExecutionListeners: [org.springframework.test.context.web.ServletTestExecutionListener@558bdf1f, org.springframework.test.context.support.DirtiesContextBeforeModesTestExecutionListener@8576fa0, org.springframework.boot.test.mock.mockito.MockitoTestExecutionListener@7582ff54, org.springframework.boot.test.autoconfigure.SpringBootDependencyInjectionTestExecutionListener@67545b57, org.springframework.test.context.support.DirtiesContextTestExecutionListener@6c2c1385, org.springframework.test.context.transaction.TransactionalTestExecutionListener@5f354bcf, org.springframework.test.context.jdbc.SqlScriptsTestExecutionListener@3daf7722, org.springframework.test.context.event.EventPublishingTestExecutionListener@78641d23, org.springframework.boot.test.mock.mockito.ResetMocksTestExecutionListener@74589991, org.springframework.boot.test.autoconfigure.restdocs.RestDocsTestExecutionListener@146dfe6, org.springframework.boot.test.autoconfigure.web.client.MockRestServiceServerResetTestExecutionListener@4716be8b, org.springframework.boot.test.autoconfigure.web.servlet.MockMvcPrintOnlyOnFailureTestExecutionListener@1fc32e4f, org.springframework.boot.test.autoconfigure.web.servlet.WebDriverTestExecutionListener@2f67b837, org.springframework.boot.test.autoconfigure.webservices.client.MockWebServiceServerTestExecutionListener@1869fbd2]
14:49:37.622 [main] DEBUG org.springframework.test.context.support.AbstractDirtiesContextTestExecutionListener - Before test class: context [DefaultTestContext@e383572 testClass = Oa3ApplicationTests, testInstance = [null], testMethod = [null], testException = [null], mergedContextConfiguration = [WebMergedContextConfiguration@5ddf0d24 testClass = Oa3ApplicationTests, locations = '{}', classes = '{class com.oa4.Oa3Application}', contextInitializerClasses = '[]', activeProfiles = '{}', propertySourceLocations = '{}', propertySourceProperties = '{org.springframework.boot.test.context.SpringBootTestContextBootstrapper=true}', contextCustomizers = set[org.springframework.boot.test.context.filter.ExcludeFilterContextCustomizer@543588e6, org.springframework.boot.test.json.DuplicateJsonObjectContextCustomizerFactory$DuplicateJsonObjectContextCustomizer@5d7148e2, org.springframework.boot.test.mock.mockito.MockitoContextCustomizer@0, org.springframework.boot.test.web.client.TestRestTemplateContextCustomizer@7c711375, org.springframework.boot.test.autoconfigure.properties.PropertyMappingContextCustomizer@0, org.springframework.boot.test.autoconfigure.web.servlet.WebDriverContextCustomizerFactory$Customizer@47e2e487, org.springframework.boot.test.context.SpringBootTestArgs@1, org.springframework.boot.test.context.SpringBootTestWebEnvironment@706a04ae], resourceBasePath = 'src/main/webapp', contextLoader = 'org.springframework.boot.test.context.SpringBootContextLoader', parent = [null]], attributes = map['org.springframework.test.context.web.ServletTestExecutionListener.activateListener' -> true]], class annotated with @DirtiesContext [false] with mode [null].
14:49:37.654 [main] DEBUG org.springframework.test.context.support.TestPropertySourceUtils - Adding inlined properties to environment: {spring.jmx.enabled=false, org.springframework.boot.test.context.SpringBootTestContextBootstrapper=true}

  .   ____          _            __ _ _
 /\\ / ___'_ __ _ _(_)_ __  __ _ \ \ \ \
( ( )\___ | '_ | '_| | '_ \/ _` | \ \ \ \
 \\/  ___)| |_)| | | | | || (_| |  ) ) ) )
  '  |____| .__|_| |_|_| |_\__, | / / / /
 =========|_|==============|___/=/_/_/_/
 :: Spring Boot ::        (v2.3.7.RELEASE)

2025-07-09 14:49:38.021  INFO 20844 --- [           main] com.oa4.Oa3ApplicationTests              : Starting Oa3ApplicationTests on DEMON-LAPTOP with PID 20844 (started by Demon in D:\WUT2025Practicum\7-9-2\OA-4)
2025-07-09 14:49:38.021  INFO 20844 --- [           main] com.oa4.Oa3ApplicationTests              : No active profile set, falling back to default profiles: default
2025-07-09 14:49:38.844  INFO 20844 --- [           main] .s.d.r.c.RepositoryConfigurationDelegate : Multiple Spring Data modules found, entering strict repository configuration mode!
2025-07-09 14:49:38.847  INFO 20844 --- [           main] .s.d.r.c.RepositoryConfigurationDelegate : Bootstrapping Spring Data Redis repositories in DEFAULT mode.
2025-07-09 14:49:38.888  INFO 20844 --- [           main] .s.d.r.c.RepositoryConfigurationDelegate : Finished Spring Data repository scanning in 22ms. Found 0 Redis repository interfaces.
2025-07-09 14:49:39.982  INFO 20844 --- [           main] o.s.s.concurrent.ThreadPoolTaskExecutor  : Initializing ExecutorService 'applicationTaskExecutor'
2025-07-09 14:49:40.098  INFO 20844 --- [           main] o.s.b.a.w.s.WelcomePageHandlerMapping    : Adding welcome page template: index
2025-07-09 14:49:40.307  INFO 20844 --- [           main] c.a.d.s.b.a.DruidDataSourceAutoConfigure : Init DruidDataSource
2025-07-09 14:49:40.862  INFO 20844 --- [           main] com.alibaba.druid.pool.DruidDataSource   : {dataSource-1} inited
2025-07-09 14:49:41.579  INFO 20844 --- [           main] o.s.s.c.ThreadPoolTaskScheduler          : Initializing ExecutorService 'taskScheduler'
2025-07-09 14:49:41.695  INFO 20844 --- [           main] com.oa4.Oa3ApplicationTests              : Started Oa3ApplicationTests in 4.022 seconds (JVM running for 5.108)
]]></system-out>
  </testcase>
</testsuite>